[INFO] Scanning for projects...
[INFO] 
[INFO] ------------------< aws.sample.blog.cdk-open-api:cdk >------------------
[INFO] Building cdk 0.1
[INFO]   from pom.xml
[INFO] --------------------------------[ jar ]---------------------------------
[INFO] 
[INFO] --- clean:3.2.0:clean (default-clean) @ cdk ---
[INFO] 
[INFO] --- resources:3.3.1:resources (default-resources) @ cdk ---
[INFO] skip non existing resourceDirectory /ramdisk/code/src/main/resources
[INFO] 
[INFO] --- compiler:3.8.1:compile (default-compile) @ cdk ---
[INFO] Changes detected - recompiling the module!
[INFO] Compiling 4 source files to /ramdisk/code/target/classes
[INFO] 
[INFO] --- resources:3.3.1:testResources (default-testResources) @ cdk ---
[INFO] skip non existing resourceDirectory /ramdisk/code/src/test/resources
[INFO] 
[INFO] --- compiler:3.8.1:testCompile (default-testCompile) @ cdk ---
[INFO] Changes detected - recompiling the module!
[INFO] Compiling 1 source file to /ramdisk/code/target/test-classes
[INFO] 
[INFO] --- surefire:3.1.2:test (default-test) @ cdk ---
[INFO] 
[INFO] --- jar:3.3.0:jar (default-jar) @ cdk ---
[INFO] Building jar: /ramdisk/code/target/cdk-0.1.jar
[INFO] ------------------------------------------------------------------------
[INFO] BUILD SUCCESS
[INFO] ------------------------------------------------------------------------
[INFO] Total time:  2.921 s
[INFO] Finished at: 2024-06-17T07:03:39Z
[INFO] ------------------------------------------------------------------------
