[INFO] Scanning for projects...
[INFO] 
[INFO] ------------------< aws.sample.blog.cdk-open-api:app >------------------
[INFO] Building app 0.1
[INFO]   from pom.xml
[INFO] --------------------------------[ jar ]---------------------------------
[INFO] 
[INFO] --- clean:3.2.0:clean (default-clean) @ app ---
[INFO] 
[INFO] --- resources:3.3.1:resources (default-resources) @ app ---
[INFO] Copying 1 resource from src/main/resources to target/classes
[INFO] 
[INFO] --- quarkus:2.16.12.Final:generate-code (default) @ app ---
[INFO] 
[INFO] --- compiler:3.8.1:compile (default-compile) @ app ---
[INFO] Changes detected - recompiling the module!
[INFO] Compiling 2 source files to /ramdisk/code/target/classes
[INFO] 
[INFO] --- quarkus:2.16.12.Final:generate-code-tests (default) @ app ---
[INFO] 
[INFO] --- resources:3.3.1:testResources (default-testResources) @ app ---
[INFO] skip non existing resourceDirectory /ramdisk/code/src/test/resources
[INFO] 
[INFO] --- compiler:3.8.1:testCompile (default-testCompile) @ app ---
[INFO] Changes detected - recompiling the module!
[INFO] Compiling 1 source file to /ramdisk/code/target/test-classes
[INFO] 
[INFO] --- surefire:3.1.2:test (default-test) @ app ---
[INFO] Using auto detected provider org.apache.maven.surefire.junitplatform.JUnitPlatformProvider
[INFO] 
[INFO] -------------------------------------------------------
[INFO]  T E S T S
[INFO] -------------------------------------------------------
[INFO] 
[INFO] Results:
[INFO] 
[INFO] Tests run: 0, Failures: 0, Errors: 0, Skipped: 0
[INFO] 
[INFO] 
[INFO] --- jar:3.3.0:jar (default-jar) @ app ---
[INFO] Building jar: /ramdisk/code/target/app-0.1.jar
[INFO] 
[INFO] --- quarkus:2.16.12.Final:build (default) @ app ---
[INFO] [io.quarkus.deployment.pkg.steps.JarResultBuildStep] Building thin jar: /ramdisk/code/target/app-0.1-runner.jar
[INFO] [io.quarkus.deployment.QuarkusAugmentor] Quarkus augmentation completed in 2115ms
[INFO] ------------------------------------------------------------------------
[INFO] BUILD SUCCESS
[INFO] ------------------------------------------------------------------------
[INFO] Total time:  9.610 s
[INFO] Finished at: 2024-06-17T07:44:07Z
[INFO] ------------------------------------------------------------------------
